{"C:\\Users\\LENOVO\\Documents\\GitHub\\Fullstack-React-Course-Helsinki\\part5\\bloglist-frontend\\src\\App.jsx": {"path":"C:\\Users\\LENOVO\\Documents\\GitHub\\Fullstack-React-Course-Helsinki\\part5\\bloglist-frontend\\src\\App.jsx","statementMap":{"0":{"start":{"line":11,"column":12},"end":{"line":171,"column":1}},"1":{"start":{"line":12,"column":30},"end":{"line":12,"column":42}},"2":{"start":{"line":13,"column":36},"end":{"line":13,"column":48}},"3":{"start":{"line":14,"column":36},"end":{"line":14,"column":48}},"4":{"start":{"line":15,"column":44},"end":{"line":15,"column":58}},"5":{"start":{"line":16,"column":44},"end":{"line":16,"column":58}},"6":{"start":{"line":17,"column":28},"end":{"line":17,"column":42}},"7":{"start":{"line":19,"column":4},"end":{"line":25,"column":10}},"8":{"start":{"line":20,"column":26},"end":{"line":23,"column":9}},"9":{"start":{"line":21,"column":26},"end":{"line":21,"column":52}},"10":{"start":{"line":22,"column":12},"end":{"line":22,"column":27}},"11":{"start":{"line":24,"column":8},"end":{"line":24,"column":19}},"12":{"start":{"line":27,"column":4},"end":{"line":34,"column":10}},"13":{"start":{"line":28,"column":31},"end":{"line":28,"column":72}},"14":{"start":{"line":29,"column":8},"end":{"line":33,"column":9}},"15":{"start":{"line":30,"column":25},"end":{"line":30,"column":51}},"16":{"start":{"line":31,"column":12},"end":{"line":31,"column":25}},"17":{"start":{"line":32,"column":12},"end":{"line":32,"column":44}},"18":{"start":{"line":36,"column":24},"end":{"line":64,"column":5}},"19":{"start":{"line":37,"column":8},"end":{"line":37,"column":30}},"20":{"start":{"line":39,"column":8},"end":{"line":63,"column":9}},"21":{"start":{"line":40,"column":25},"end":{"line":43,"column":14}},"22":{"start":{"line":44,"column":12},"end":{"line":44,"column":75}},"23":{"start":{"line":45,"column":12},"end":{"line":45,"column":44}},"24":{"start":{"line":46,"column":12},"end":{"line":46,"column":25}},"25":{"start":{"line":47,"column":12},"end":{"line":47,"column":27}},"26":{"start":{"line":48,"column":12},"end":{"line":48,"column":27}},"27":{"start":{"line":49,"column":12},"end":{"line":49,"column":71}},"28":{"start":{"line":50,"column":12},"end":{"line":52,"column":20}},"29":{"start":{"line":51,"column":16},"end":{"line":51,"column":37}},"30":{"start":{"line":53,"column":12},"end":{"line":57,"column":23}},"31":{"start":{"line":54,"column":16},"end":{"line":54,"column":60}},"32":{"start":{"line":55,"column":16},"end":{"line":55,"column":29}},"33":{"start":{"line":56,"column":16},"end":{"line":56,"column":42}},"34":{"start":{"line":59,"column":12},"end":{"line":59,"column":57}},"35":{"start":{"line":60,"column":12},"end":{"line":62,"column":20}},"36":{"start":{"line":61,"column":16},"end":{"line":61,"column":37}},"37":{"start":{"line":66,"column":23},"end":{"line":81,"column":5}},"38":{"start":{"line":67,"column":8},"end":{"line":80,"column":9}},"39":{"start":{"line":68,"column":32},"end":{"line":68,"column":62}},"40":{"start":{"line":69,"column":12},"end":{"line":69,"column":35}},"41":{"start":{"line":70,"column":12},"end":{"line":70,"column":47}},"42":{"start":{"line":71,"column":12},"end":{"line":71,"column":93}},"43":{"start":{"line":72,"column":12},"end":{"line":74,"column":20}},"44":{"start":{"line":73,"column":16},"end":{"line":73,"column":37}},"45":{"start":{"line":76,"column":12},"end":{"line":76,"column":54}},"46":{"start":{"line":77,"column":12},"end":{"line":79,"column":20}},"47":{"start":{"line":78,"column":16},"end":{"line":78,"column":37}},"48":{"start":{"line":83,"column":23},"end":{"line":102,"column":5}},"49":{"start":{"line":84,"column":24},"end":{"line":89,"column":9}},"50":{"start":{"line":91,"column":8},"end":{"line":101,"column":9}},"51":{"start":{"line":92,"column":32},"end":{"line":92,"column":74}},"52":{"start":{"line":93,"column":12},"end":{"line":93,"column":40}},"53":{"start":{"line":94,"column":33},"end":{"line":94,"column":87}},"54":{"start":{"line":94,"column":51},"end":{"line":94,"column":85}},"55":{"start":{"line":95,"column":12},"end":{"line":95,"column":34}},"56":{"start":{"line":97,"column":12},"end":{"line":97,"column":42}},"57":{"start":{"line":98,"column":12},"end":{"line":100,"column":20}},"58":{"start":{"line":99,"column":16},"end":{"line":99,"column":37}},"59":{"start":{"line":104,"column":25},"end":{"line":120,"column":5}},"60":{"start":{"line":105,"column":8},"end":{"line":119,"column":9}},"61":{"start":{"line":106,"column":12},"end":{"line":118,"column":13}},"62":{"start":{"line":107,"column":16},"end":{"line":107,"column":49}},"63":{"start":{"line":108,"column":16},"end":{"line":108,"column":63}},"64":{"start":{"line":108,"column":45},"end":{"line":108,"column":61}},"65":{"start":{"line":109,"column":16},"end":{"line":109,"column":92}},"66":{"start":{"line":110,"column":16},"end":{"line":112,"column":24}},"67":{"start":{"line":111,"column":20},"end":{"line":111,"column":41}},"68":{"start":{"line":114,"column":16},"end":{"line":114,"column":46}},"69":{"start":{"line":115,"column":16},"end":{"line":117,"column":24}},"70":{"start":{"line":116,"column":20},"end":{"line":116,"column":41}},"71":{"start":{"line":122,"column":4},"end":{"line":137,"column":5}},"72":{"start":{"line":123,"column":8},"end":{"line":136,"column":9}},"73":{"start":{"line":139,"column":4},"end":{"line":170,"column":5}},"74":{"start":{"line":148,"column":24},"end":{"line":148,"column":68}},"75":{"start":{"line":149,"column":24},"end":{"line":149,"column":37}},"76":{"start":{"line":159,"column":32},"end":{"line":159,"column":49}},"77":{"start":{"line":161,"column":20},"end":{"line":167,"column":22}}},"fnMap":{"0":{"name":"(anonymous_0)","decl":{"start":{"line":11,"column":12},"end":{"line":11,"column":13}},"loc":{"start":{"line":11,"column":18},"end":{"line":171,"column":1}},"line":11},"1":{"name":"(anonymous_1)","decl":{"start":{"line":19,"column":14},"end":{"line":19,"column":15}},"loc":{"start":{"line":19,"column":20},"end":{"line":25,"column":5}},"line":19},"2":{"name":"(anonymous_2)","decl":{"start":{"line":20,"column":26},"end":{"line":20,"column":27}},"loc":{"start":{"line":20,"column":38},"end":{"line":23,"column":9}},"line":20},"3":{"name":"(anonymous_3)","decl":{"start":{"line":27,"column":14},"end":{"line":27,"column":15}},"loc":{"start":{"line":27,"column":20},"end":{"line":34,"column":5}},"line":27},"4":{"name":"(anonymous_4)","decl":{"start":{"line":36,"column":24},"end":{"line":36,"column":25}},"loc":{"start":{"line":36,"column":41},"end":{"line":64,"column":5}},"line":36},"5":{"name":"(anonymous_5)","decl":{"start":{"line":50,"column":23},"end":{"line":50,"column":24}},"loc":{"start":{"line":50,"column":29},"end":{"line":52,"column":13}},"line":50},"6":{"name":"(anonymous_6)","decl":{"start":{"line":53,"column":23},"end":{"line":53,"column":24}},"loc":{"start":{"line":53,"column":29},"end":{"line":57,"column":13}},"line":53},"7":{"name":"(anonymous_7)","decl":{"start":{"line":60,"column":23},"end":{"line":60,"column":24}},"loc":{"start":{"line":60,"column":29},"end":{"line":62,"column":13}},"line":60},"8":{"name":"(anonymous_8)","decl":{"start":{"line":66,"column":23},"end":{"line":66,"column":24}},"loc":{"start":{"line":66,"column":39},"end":{"line":81,"column":5}},"line":66},"9":{"name":"(anonymous_9)","decl":{"start":{"line":72,"column":23},"end":{"line":72,"column":24}},"loc":{"start":{"line":72,"column":29},"end":{"line":74,"column":13}},"line":72},"10":{"name":"(anonymous_10)","decl":{"start":{"line":77,"column":23},"end":{"line":77,"column":24}},"loc":{"start":{"line":77,"column":29},"end":{"line":79,"column":13}},"line":77},"11":{"name":"(anonymous_11)","decl":{"start":{"line":83,"column":23},"end":{"line":83,"column":24}},"loc":{"start":{"line":83,"column":39},"end":{"line":102,"column":5}},"line":83},"12":{"name":"(anonymous_12)","decl":{"start":{"line":94,"column":43},"end":{"line":94,"column":44}},"loc":{"start":{"line":94,"column":51},"end":{"line":94,"column":85}},"line":94},"13":{"name":"(anonymous_13)","decl":{"start":{"line":98,"column":23},"end":{"line":98,"column":24}},"loc":{"start":{"line":98,"column":29},"end":{"line":100,"column":13}},"line":98},"14":{"name":"(anonymous_14)","decl":{"start":{"line":104,"column":25},"end":{"line":104,"column":26}},"loc":{"start":{"line":104,"column":41},"end":{"line":120,"column":5}},"line":104},"15":{"name":"(anonymous_15)","decl":{"start":{"line":108,"column":38},"end":{"line":108,"column":39}},"loc":{"start":{"line":108,"column":45},"end":{"line":108,"column":61}},"line":108},"16":{"name":"(anonymous_16)","decl":{"start":{"line":110,"column":27},"end":{"line":110,"column":28}},"loc":{"start":{"line":110,"column":33},"end":{"line":112,"column":17}},"line":110},"17":{"name":"(anonymous_17)","decl":{"start":{"line":115,"column":27},"end":{"line":115,"column":28}},"loc":{"start":{"line":115,"column":33},"end":{"line":117,"column":17}},"line":115},"18":{"name":"(anonymous_18)","decl":{"start":{"line":147,"column":29},"end":{"line":147,"column":30}},"loc":{"start":{"line":147,"column":35},"end":{"line":150,"column":21}},"line":147},"19":{"name":"(anonymous_19)","decl":{"start":{"line":159,"column":22},"end":{"line":159,"column":23}},"loc":{"start":{"line":159,"column":32},"end":{"line":159,"column":49}},"line":159},"20":{"name":"(anonymous_20)","decl":{"start":{"line":160,"column":21},"end":{"line":160,"column":22}},"loc":{"start":{"line":161,"column":20},"end":{"line":167,"column":22}},"line":161}},"branchMap":{"0":{"loc":{"start":{"line":29,"column":8},"end":{"line":33,"column":9}},"type":"if","locations":[{"start":{"line":29,"column":8},"end":{"line":33,"column":9}},{"start":{},"end":{}}],"line":29},"1":{"loc":{"start":{"line":94,"column":51},"end":{"line":94,"column":85}},"type":"cond-expr","locations":[{"start":{"line":94,"column":70},"end":{"line":94,"column":81}},{"start":{"line":94,"column":84},"end":{"line":94,"column":85}}],"line":94},"2":{"loc":{"start":{"line":105,"column":8},"end":{"line":119,"column":9}},"type":"if","locations":[{"start":{"line":105,"column":8},"end":{"line":119,"column":9}},{"start":{},"end":{}}],"line":105},"3":{"loc":{"start":{"line":122,"column":4},"end":{"line":137,"column":5}},"type":"if","locations":[{"start":{"line":122,"column":4},"end":{"line":137,"column":5}},{"start":{},"end":{}}],"line":122}},"s":{"0":0,"1":0,"2":0,"3":0,"4":0,"5":0,"6":0,"7":0,"8":0,"9":0,"10":0,"11":0,"12":0,"13":0,"14":0,"15":0,"16":0,"17":0,"18":0,"19":0,"20":0,"21":0,"22":0,"23":0,"24":0,"25":0,"26":0,"27":0,"28":0,"29":0,"30":0,"31":0,"32":0,"33":0,"34":0,"35":0,"36":0,"37":0,"38":0,"39":0,"40":0,"41":0,"42":0,"43":0,"44":0,"45":0,"46":0,"47":0,"48":0,"49":0,"50":0,"51":0,"52":0,"53":0,"54":0,"55":0,"56":0,"57":0,"58":0,"59":0,"60":0,"61":0,"62":0,"63":0,"64":0,"65":0,"66":0,"67":0,"68":0,"69":0,"70":0,"71":0,"72":0,"73":0,"74":0,"75":0,"76":0,"77":0},"f":{"0":0,"1":0,"2":0,"3":0,"4":0,"5":0,"6":0,"7":0,"8":0,"9":0,"10":0,"11":0,"12":0,"13":0,"14":0,"15":0,"16":0,"17":0,"18":0,"19":0,"20":0},"b":{"0":[0,0],"1":[0,0],"2":[0,0],"3":[0,0]}}
,"C:\\Users\\LENOVO\\Documents\\GitHub\\Fullstack-React-Course-Helsinki\\part5\\bloglist-frontend\\src\\main.jsx": {"path":"C:\\Users\\LENOVO\\Documents\\GitHub\\Fullstack-React-Course-Helsinki\\part5\\bloglist-frontend\\src\\main.jsx","statementMap":{"0":{"start":{"line":4,"column":0},"end":{"line":4,"column":68}}},"fnMap":{},"branchMap":{},"s":{"0":0},"f":{},"b":{}}
,"C:\\Users\\LENOVO\\Documents\\GitHub\\Fullstack-React-Course-Helsinki\\part5\\bloglist-frontend\\src\\components\\Blog.jsx": {"path":"C:\\Users\\LENOVO\\Documents\\GitHub\\Fullstack-React-Course-Helsinki\\part5\\bloglist-frontend\\src\\components\\Blog.jsx","statementMap":{"0":{"start":{"line":3,"column":13},"end":{"line":47,"column":1}},"1":{"start":{"line":4,"column":34},"end":{"line":4,"column":49}},"2":{"start":{"line":6,"column":22},"end":{"line":12,"column":5}},"3":{"start":{"line":14,"column":29},"end":{"line":16,"column":5}},"4":{"start":{"line":15,"column":8},"end":{"line":15,"column":28}},"5":{"start":{"line":18,"column":4},"end":{"line":46,"column":5}},"6":{"start":{"line":35,"column":63},"end":{"line":35,"column":79}},"7":{"start":{"line":41,"column":47},"end":{"line":41,"column":63}}},"fnMap":{"0":{"name":"(anonymous_0)","decl":{"start":{"line":3,"column":13},"end":{"line":3,"column":14}},"loc":{"start":{"line":3,"column":61},"end":{"line":47,"column":1}},"line":3},"1":{"name":"(anonymous_1)","decl":{"start":{"line":14,"column":29},"end":{"line":14,"column":30}},"loc":{"start":{"line":14,"column":35},"end":{"line":16,"column":5}},"line":14},"2":{"name":"(anonymous_2)","decl":{"start":{"line":35,"column":57},"end":{"line":35,"column":58}},"loc":{"start":{"line":35,"column":63},"end":{"line":35,"column":79}},"line":35},"3":{"name":"(anonymous_3)","decl":{"start":{"line":41,"column":41},"end":{"line":41,"column":42}},"loc":{"start":{"line":41,"column":47},"end":{"line":41,"column":63}},"line":41}},"branchMap":{"0":{"loc":{"start":{"line":23,"column":13},"end":{"line":44,"column":13}},"type":"cond-expr","locations":[{"start":{"line":24,"column":16},"end":{"line":26,"column":25}},{"start":{"line":28,"column":16},"end":{"line":43,"column":22}}],"line":23},"1":{"loc":{"start":{"line":40,"column":21},"end":{"line":42,"column":28}},"type":"cond-expr","locations":[{"start":{"line":41,"column":24},"end":{"line":41,"column":80}},{"start":{"line":42,"column":24},"end":{"line":42,"column":28}}],"line":40}},"s":{"0":1,"1":6,"2":6,"3":6,"4":2,"5":6,"6":2,"7":0},"f":{"0":6,"1":2,"2":2,"3":0},"b":{"0":[4,2],"1":[2,0]},"_coverageSchema":"1a1c01bbd47fc00a2c39e90264f33305004495a9","hash":"73eef74c16ba37d9a088bb6ba861819990e47312"}
,"C:\\Users\\LENOVO\\Documents\\GitHub\\Fullstack-React-Course-Helsinki\\part5\\bloglist-frontend\\src\\components\\BlogForm.jsx": {"path":"C:\\Users\\LENOVO\\Documents\\GitHub\\Fullstack-React-Course-Helsinki\\part5\\bloglist-frontend\\src\\components\\BlogForm.jsx","statementMap":{"0":{"start":{"line":4,"column":17},"end":{"line":59,"column":1}},"1":{"start":{"line":5,"column":30},"end":{"line":5,"column":42}},"2":{"start":{"line":6,"column":32},"end":{"line":6,"column":44}},"3":{"start":{"line":7,"column":26},"end":{"line":7,"column":38}},"4":{"start":{"line":9,"column":26},"end":{"line":22,"column":5}},"5":{"start":{"line":10,"column":8},"end":{"line":10,"column":30}},"6":{"start":{"line":12,"column":21},"end":{"line":16,"column":9}},"7":{"start":{"line":18,"column":8},"end":{"line":18,"column":24}},"8":{"start":{"line":19,"column":8},"end":{"line":19,"column":20}},"9":{"start":{"line":20,"column":8},"end":{"line":20,"column":21}},"10":{"start":{"line":21,"column":8},"end":{"line":21,"column":18}},"11":{"start":{"line":24,"column":4},"end":{"line":58,"column":5}},"12":{"start":{"line":33,"column":46},"end":{"line":33,"column":68}},"13":{"start":{"line":43,"column":46},"end":{"line":43,"column":69}},"14":{"start":{"line":53,"column":46},"end":{"line":53,"column":66}},"15":{"start":{"line":61,"column":0},"end":{"line":63,"column":1}}},"fnMap":{"0":{"name":"(anonymous_0)","decl":{"start":{"line":4,"column":17},"end":{"line":4,"column":18}},"loc":{"start":{"line":4,"column":37},"end":{"line":59,"column":1}},"line":4},"1":{"name":"(anonymous_1)","decl":{"start":{"line":9,"column":26},"end":{"line":9,"column":27}},"loc":{"start":{"line":9,"column":43},"end":{"line":22,"column":5}},"line":9},"2":{"name":"(anonymous_2)","decl":{"start":{"line":33,"column":30},"end":{"line":33,"column":31}},"loc":{"start":{"line":33,"column":46},"end":{"line":33,"column":68}},"line":33},"3":{"name":"(anonymous_3)","decl":{"start":{"line":43,"column":30},"end":{"line":43,"column":31}},"loc":{"start":{"line":43,"column":46},"end":{"line":43,"column":69}},"line":43},"4":{"name":"(anonymous_4)","decl":{"start":{"line":53,"column":30},"end":{"line":53,"column":31}},"loc":{"start":{"line":53,"column":46},"end":{"line":53,"column":66}},"line":53}},"branchMap":{},"s":{"0":1,"1":31,"2":31,"3":31,"4":31,"5":1,"6":1,"7":1,"8":1,"9":1,"10":1,"11":31,"12":10,"13":11,"14":8,"15":1},"f":{"0":31,"1":1,"2":10,"3":11,"4":8},"b":{},"_coverageSchema":"1a1c01bbd47fc00a2c39e90264f33305004495a9","hash":"cdce4da7100365914fbc5341c4eaaa7f3dea7b82"}
,"C:\\Users\\LENOVO\\Documents\\GitHub\\Fullstack-React-Course-Helsinki\\part5\\bloglist-frontend\\src\\components\\Error.jsx": {"path":"C:\\Users\\LENOVO\\Documents\\GitHub\\Fullstack-React-Course-Helsinki\\part5\\bloglist-frontend\\src\\components\\Error.jsx","statementMap":{"0":{"start":{"line":3,"column":14},"end":{"line":20,"column":1}},"1":{"start":{"line":4,"column":4},"end":{"line":19,"column":5}}},"fnMap":{"0":{"name":"(anonymous_0)","decl":{"start":{"line":3,"column":14},"end":{"line":3,"column":15}},"loc":{"start":{"line":3,"column":31},"end":{"line":20,"column":1}},"line":3}},"branchMap":{"0":{"loc":{"start":{"line":4,"column":11},"end":{"line":19,"column":5}},"type":"cond-expr","locations":[{"start":{"line":4,"column":22},"end":{"line":4,"column":26}},{"start":{"line":5,"column":8},"end":{"line":18,"column":14}}],"line":4}},"s":{"0":0,"1":0},"f":{"0":0},"b":{"0":[0,0]}}
,"C:\\Users\\LENOVO\\Documents\\GitHub\\Fullstack-React-Course-Helsinki\\part5\\bloglist-frontend\\src\\components\\LoginForm.jsx": {"path":"C:\\Users\\LENOVO\\Documents\\GitHub\\Fullstack-React-Course-Helsinki\\part5\\bloglist-frontend\\src\\components\\LoginForm.jsx","statementMap":{"0":{"start":{"line":4,"column":18},"end":{"line":28,"column":1}},"1":{"start":{"line":5,"column":4},"end":{"line":27,"column":5}},"2":{"start":{"line":13,"column":46},"end":{"line":13,"column":71}},"3":{"start":{"line":22,"column":46},"end":{"line":22,"column":71}},"4":{"start":{"line":30,"column":0},"end":{"line":36,"column":1}}},"fnMap":{"0":{"name":"(anonymous_0)","decl":{"start":{"line":4,"column":18},"end":{"line":4,"column":19}},"loc":{"start":{"line":4,"column":85},"end":{"line":28,"column":1}},"line":4},"1":{"name":"(anonymous_1)","decl":{"start":{"line":13,"column":30},"end":{"line":13,"column":31}},"loc":{"start":{"line":13,"column":46},"end":{"line":13,"column":71}},"line":13},"2":{"name":"(anonymous_2)","decl":{"start":{"line":22,"column":30},"end":{"line":22,"column":31}},"loc":{"start":{"line":22,"column":46},"end":{"line":22,"column":71}},"line":22}},"branchMap":{},"s":{"0":0,"1":0,"2":0,"3":0,"4":0},"f":{"0":0,"1":0,"2":0},"b":{}}
,"C:\\Users\\LENOVO\\Documents\\GitHub\\Fullstack-React-Course-Helsinki\\part5\\bloglist-frontend\\src\\components\\Notification.jsx": {"path":"C:\\Users\\LENOVO\\Documents\\GitHub\\Fullstack-React-Course-Helsinki\\part5\\bloglist-frontend\\src\\components\\Notification.jsx","statementMap":{"0":{"start":{"line":3,"column":21},"end":{"line":20,"column":1}},"1":{"start":{"line":4,"column":4},"end":{"line":19,"column":5}}},"fnMap":{"0":{"name":"(anonymous_0)","decl":{"start":{"line":3,"column":21},"end":{"line":3,"column":22}},"loc":{"start":{"line":3,"column":38},"end":{"line":20,"column":1}},"line":3}},"branchMap":{"0":{"loc":{"start":{"line":4,"column":11},"end":{"line":19,"column":5}},"type":"cond-expr","locations":[{"start":{"line":4,"column":22},"end":{"line":4,"column":26}},{"start":{"line":5,"column":8},"end":{"line":18,"column":14}}],"line":4}},"s":{"0":0,"1":0},"f":{"0":0},"b":{"0":[0,0]}}
,"C:\\Users\\LENOVO\\Documents\\GitHub\\Fullstack-React-Course-Helsinki\\part5\\bloglist-frontend\\src\\components\\Togglable.jsx": {"path":"C:\\Users\\LENOVO\\Documents\\GitHub\\Fullstack-React-Course-Helsinki\\part5\\bloglist-frontend\\src\\components\\Togglable.jsx","statementMap":{"0":{"start":{"line":4,"column":18},"end":{"line":25,"column":1}},"1":{"start":{"line":5,"column":34},"end":{"line":5,"column":49}},"2":{"start":{"line":7,"column":28},"end":{"line":7,"column":62}},"3":{"start":{"line":8,"column":28},"end":{"line":8,"column":62}},"4":{"start":{"line":10,"column":29},"end":{"line":12,"column":5}},"5":{"start":{"line":11,"column":8},"end":{"line":11,"column":28}},"6":{"start":{"line":14,"column":4},"end":{"line":24,"column":5}},"7":{"start":{"line":27,"column":0},"end":{"line":29,"column":1}}},"fnMap":{"0":{"name":"(anonymous_0)","decl":{"start":{"line":4,"column":18},"end":{"line":4,"column":19}},"loc":{"start":{"line":4,"column":49},"end":{"line":25,"column":1}},"line":4},"1":{"name":"(anonymous_1)","decl":{"start":{"line":10,"column":29},"end":{"line":10,"column":30}},"loc":{"start":{"line":10,"column":35},"end":{"line":12,"column":5}},"line":10}},"branchMap":{"0":{"loc":{"start":{"line":7,"column":39},"end":{"line":7,"column":60}},"type":"cond-expr","locations":[{"start":{"line":7,"column":49},"end":{"line":7,"column":55}},{"start":{"line":7,"column":58},"end":{"line":7,"column":60}}],"line":7},"1":{"loc":{"start":{"line":8,"column":39},"end":{"line":8,"column":60}},"type":"cond-expr","locations":[{"start":{"line":8,"column":49},"end":{"line":8,"column":51}},{"start":{"line":8,"column":54},"end":{"line":8,"column":60}}],"line":8}},"s":{"0":0,"1":0,"2":0,"3":0,"4":0,"5":0,"6":0,"7":0},"f":{"0":0,"1":0},"b":{"0":[0,0],"1":[0,0]}}
,"C:\\Users\\LENOVO\\Documents\\GitHub\\Fullstack-React-Course-Helsinki\\part5\\bloglist-frontend\\src\\services\\blogs.js": {"path":"C:\\Users\\LENOVO\\Documents\\GitHub\\Fullstack-React-Course-Helsinki\\part5\\bloglist-frontend\\src\\services\\blogs.js","statementMap":{"0":{"start":{"line":2,"column":16},"end":{"line":2,"column":28}},"1":{"start":{"line":4,"column":12},"end":{"line":4,"column":16}},"2":{"start":{"line":6,"column":17},"end":{"line":8,"column":1}},"3":{"start":{"line":7,"column":4},"end":{"line":7,"column":32}},"4":{"start":{"line":10,"column":15},"end":{"line":13,"column":1}},"5":{"start":{"line":11,"column":21},"end":{"line":11,"column":45}},"6":{"start":{"line":12,"column":4},"end":{"line":12,"column":24}},"7":{"start":{"line":15,"column":15},"end":{"line":22,"column":1}},"8":{"start":{"line":16,"column":19},"end":{"line":18,"column":5}},"9":{"start":{"line":20,"column":21},"end":{"line":20,"column":65}},"10":{"start":{"line":21,"column":4},"end":{"line":21,"column":24}},"11":{"start":{"line":24,"column":15},"end":{"line":27,"column":1}},"12":{"start":{"line":25,"column":21},"end":{"line":25,"column":67}},"13":{"start":{"line":26,"column":4},"end":{"line":26,"column":24}},"14":{"start":{"line":29,"column":15},"end":{"line":35,"column":1}},"15":{"start":{"line":30,"column":19},"end":{"line":32,"column":5}},"16":{"start":{"line":34,"column":4},"end":{"line":34,"column":50}}},"fnMap":{"0":{"name":"(anonymous_0)","decl":{"start":{"line":6,"column":17},"end":{"line":6,"column":18}},"loc":{"start":{"line":6,"column":31},"end":{"line":8,"column":1}},"line":6},"1":{"name":"(anonymous_1)","decl":{"start":{"line":10,"column":15},"end":{"line":10,"column":16}},"loc":{"start":{"line":10,"column":27},"end":{"line":13,"column":1}},"line":10},"2":{"name":"(anonymous_2)","decl":{"start":{"line":15,"column":15},"end":{"line":15,"column":16}},"loc":{"start":{"line":15,"column":36},"end":{"line":22,"column":1}},"line":15},"3":{"name":"(anonymous_3)","decl":{"start":{"line":24,"column":15},"end":{"line":24,"column":16}},"loc":{"start":{"line":24,"column":40},"end":{"line":27,"column":1}},"line":24},"4":{"name":"(anonymous_4)","decl":{"start":{"line":29,"column":15},"end":{"line":29,"column":16}},"loc":{"start":{"line":29,"column":29},"end":{"line":35,"column":1}},"line":29}},"branchMap":{},"s":{"0":0,"1":0,"2":0,"3":0,"4":0,"5":0,"6":0,"7":0,"8":0,"9":0,"10":0,"11":0,"12":0,"13":0,"14":0,"15":0,"16":0},"f":{"0":0,"1":0,"2":0,"3":0,"4":0},"b":{}}
,"C:\\Users\\LENOVO\\Documents\\GitHub\\Fullstack-React-Course-Helsinki\\part5\\bloglist-frontend\\src\\services\\login.js": {"path":"C:\\Users\\LENOVO\\Documents\\GitHub\\Fullstack-React-Course-Helsinki\\part5\\bloglist-frontend\\src\\services\\login.js","statementMap":{"0":{"start":{"line":2,"column":16},"end":{"line":2,"column":28}},"1":{"start":{"line":4,"column":14},"end":{"line":7,"column":1}},"2":{"start":{"line":5,"column":21},"end":{"line":5,"column":59}},"3":{"start":{"line":6,"column":4},"end":{"line":6,"column":24}}},"fnMap":{"0":{"name":"(anonymous_0)","decl":{"start":{"line":4,"column":14},"end":{"line":4,"column":15}},"loc":{"start":{"line":4,"column":37},"end":{"line":7,"column":1}},"line":4}},"branchMap":{},"s":{"0":0,"1":0,"2":0,"3":0},"f":{"0":0},"b":{}}
}
